<?xml version="1.0" encoding="UTF-8"?>
<!-- Generated by org.testng.reporters.JUnitXMLReporter -->
<testsuite ignored="0" hostname="hakantektas-MacBook-Pro.local" failures="1" tests="1" name="Surefire test" time="11.144" errors="0" timestamp="2022-12-05T15:23:29 TRT">
  <testcase classname="TestClassPOM.testCase" name="testTitle" time="2.181">
    <failure type="java.lang.AssertionError">
      <![CDATA[java.lang.AssertionError
at org.junit.Assert.fail(Assert.java:86)
at org.junit.Assert.assertTrue(Assert.java:41)
at org.junit.Assert.assertTrue(Assert.java:52)
at PageClassPOM.homePage.verify_2(homePage.java:38)
at PageClassPOM.homePage.homeCase(homePage.java:57)
at TestClassPOM.testCase.testTitle(testCase.java:15)
at java.base/java.util.ArrayList.forEach(ArrayList.java:1511)
... Removed 30 stack frames]]>
    </failure>
  </testcase> <!-- testTitle -->
</testsuite> <!-- Surefire test -->
