{"uuid":"bce421ca-c22f-4c4f-b2a1-fe2ea4420ab8","historyId":"823fb15ca1c8261d765a6e536a555f4c","fullName":"TestClassPOM.testCase.testTitle","labels":[{"name":"package","value":"TestClassPOM.testCase"},{"name":"testClass","value":"TestClassPOM.testCase"},{"name":"testMethod","value":"testTitle"},{"name":"parentSuite","value":"Surefire suite"},{"name":"suite","value":"Surefire test"},{"name":"subSuite","value":"TestClassPOM.testCase"},{"name":"host","value":"hakantektas-MacBook-Pro.local"},{"name":"thread","value":"13418@hakantektas-MacBook-Pro.local.main(1)"},{"name":"framework","value":"testng"},{"name":"language","value":"java"}],"links":[],"name":"test","status":"failed","statusDetails":{"known":false,"muted":false,"flaky":false,"message":"java.lang.AssertionError","trace":"java.lang.AssertionError\n\tat org.junit.Assert.fail(Assert.java:86)\n\tat org.junit.Assert.assertTrue(Assert.java:41)\n\tat org.junit.Assert.assertTrue(Assert.java:52)\n\tat PageClassPOM.homePage.verify_2(homePage.java:38)\n\tat PageClassPOM.homePage.homeCase(homePage.java:57)\n\tat TestClassPOM.testCase.testTitle(testCase.java:15)\n\tat java.base/jdk.internal.reflect.DirectMethodHandleAccessor.invoke(DirectMethodHandleAccessor.java:104)\n\tat java.base/java.lang.reflect.Method.invoke(Method.java:578)\n\tat org.testng.internal.MethodInvocationHelper.invokeMethod(MethodInvocationHelper.java:133)\n\tat org.testng.internal.TestInvoker.invokeMethod(TestInvoker.java:598)\n\tat org.testng.internal.TestInvoker.invokeTestMethod(TestInvoker.java:173)\n\tat org.testng.internal.MethodRunner.runInSequence(MethodRunner.java:46)\n\tat org.testng.internal.TestInvoker$MethodInvocationAgent.invoke(TestInvoker.java:824)\n\tat org.testng.internal.TestInvoker.invokeTestMethods(TestInvoker.java:146)\n\tat org.testng.internal.TestMethodWorker.invokeTestMethods(TestMethodWorker.java:146)\n\tat org.testng.internal.TestMethodWorker.run(TestMethodWorker.java:128)\n\tat java.base/java.util.ArrayList.forEach(ArrayList.java:1511)\n\tat org.testng.TestRunner.privateRun(TestRunner.java:794)\n\tat org.testng.TestRunner.run(TestRunner.java:596)\n\tat org.testng.SuiteRunner.runTest(SuiteRunner.java:377)\n\tat org.testng.SuiteRunner.runSequentially(SuiteRunner.java:371)\n\tat org.testng.SuiteRunner.privateRun(SuiteRunner.java:332)\n\tat org.testng.SuiteRunner.run(SuiteRunner.java:276)\n\tat org.testng.SuiteRunnerWorker.runSuite(SuiteRunnerWorker.java:53)\n\tat org.testng.SuiteRunnerWorker.run(SuiteRunnerWorker.java:96)\n\tat org.testng.TestNG.runSuitesSequentially(TestNG.java:1212)\n\tat org.testng.TestNG.runSuitesLocally(TestNG.java:1134)\n\tat org.testng.TestNG.runSuites(TestNG.java:1063)\n\tat org.testng.TestNG.run(TestNG.java:1031)\n\tat org.apache.maven.surefire.testng.TestNGExecutor.run(TestNGExecutor.java:135)\n\tat org.apache.maven.surefire.testng.TestNGDirectoryTestSuite.executeSingleClass(TestNGDirectoryTestSuite.java:112)\n\tat org.apache.maven.surefire.testng.TestNGDirectoryTestSuite.execute(TestNGDirectoryTestSuite.java:99)\n\tat org.apache.maven.surefire.testng.TestNGProvider.invoke(TestNGProvider.java:146)\n\tat org.apache.maven.surefire.booter.ForkedBooter.invokeProviderInSameClassLoader(ForkedBooter.java:384)\n\tat org.apache.maven.surefire.booter.ForkedBooter.runSuitesInProcess(ForkedBooter.java:345)\n\tat org.apache.maven.surefire.booter.ForkedBooter.execute(ForkedBooter.java:126)\n\tat org.apache.maven.surefire.booter.ForkedBooter.main(ForkedBooter.java:418)\n"},"stage":"finished","steps":[],"attachments":[],"parameters":[],"start":1670242935545,"stop":1670242942164}